\BOOKMARK [1][-]{section.1}{\376\377\137\025\212\000}{}% 1
\BOOKMARK [1][-]{section.2}{\376\377\145\160\143\156\116\016\145\271\154\325}{}% 2
\BOOKMARK [2][-]{subsection.2.1}{\376\377\145\160\143\156\147\145\156\220\116\016\230\204\131\004\164\006}{section.2}% 3
\BOOKMARK [2][-]{subsection.2.2}{\376\377\122\006\133\120\210\150\137\201}{section.2}% 4
\BOOKMARK [2][-]{subsection.2.3}{\376\377\162\171\137\201\135\345\172\013}{section.2}% 5
\BOOKMARK [3][-]{subsubsection.2.3.1}{\376\377\121\227\117\131\162\171\137\201\123\273\226\144}{subsection.2.3}% 6
\BOOKMARK [3][-]{subsubsection.2.3.2}{\376\377\127\372\116\216\116\222\117\341\140\157\166\204\162\171\137\201\220\011\142\351}{subsection.2.3}% 7
\BOOKMARK [3][-]{subsubsection.2.3.3}{\376\377\145\160\143\156\122\022\122\006\116\016\150\007\121\306\123\026}{subsection.2.3}% 8
\BOOKMARK [2][-]{subsection.2.4}{\376\377\127\372\133\146\116\140\126\150}{section.2}% 9
\BOOKMARK [2][-]{subsection.2.5}{\376\377\226\306\142\020\173\126\165\145}{section.2}% 10
\BOOKMARK [3][-]{subsubsection.2.5.1}{\376\377\000S\000t\000a\000c\000k\000i\000n\000g\377\010\130\006\123\340\154\333\123\026\377\011}{subsection.2.5}% 11
\BOOKMARK [3][-]{subsubsection.2.5.2}{\376\377\000V\000o\000t\000i\000n\000g\377\010\122\240\147\103\142\225\171\150\377\011}{subsection.2.5}% 12
\BOOKMARK [2][-]{subsection.2.6}{\376\377\213\304\116\367\143\007\150\007}{section.2}% 13
\BOOKMARK [1][-]{section.3}{\376\377\176\323\147\234\116\016\122\006\147\220}{}% 14
\BOOKMARK [2][-]{subsection.3.1}{\376\377\143\242\175\042\140\047\145\160\143\156\122\006\147\220}{section.3}% 15
\BOOKMARK [2][-]{subsection.3.2}{\376\377\123\125\152\041\127\213\140\047\200\375\133\371\153\324}{section.3}% 16
\BOOKMARK [2][-]{subsection.3.3}{\376\377\162\171\137\201\221\315\211\201\140\047\122\006\147\220}{section.3}% 17
\BOOKMARK [2][-]{subsection.3.4}{\376\377\226\306\142\020\133\146\116\140\140\047\200\375}{section.3}% 18
\BOOKMARK [2][-]{subsection.3.5}{\376\377\116\244\123\311\232\214\213\301\172\063\133\232\140\047}{section.3}% 19
\BOOKMARK [2][-]{subsection.3.6}{\376\377\206\132\142\337\173\133\220\011\145\110\147\234\232\214\213\301}{section.3}% 20
\BOOKMARK [1][-]{section.4}{\376\377\213\250\213\272}{}% 21
\BOOKMARK [2][-]{subsection.4.1}{\376\377\226\306\142\020\133\146\116\140\166\204\147\011\145\110\140\047}{section.4}% 22
\BOOKMARK [2][-]{subsection.4.2}{\376\377\162\171\137\201\220\011\142\351\166\204\137\161\124\315}{section.4}% 23
\BOOKMARK [2][-]{subsection.4.3}{\376\377\134\100\226\120\140\047\116\016\134\125\147\033}{section.4}% 24
\BOOKMARK [1][-]{section.5}{\376\377\176\323\213\272}{}% 25
\BOOKMARK [1][-]{appendix.A}{\376\377\226\104\137\125\000A\377\032\116\073\211\201\215\205\123\302\145\160\221\115\177\156\123\072\225\364\116\016\147\000\117\030\120\074}{}% 26
\BOOKMARK [1][-]{appendix.B}{\376\377\226\104\137\125\000B\377\032\133\236\232\214\163\257\130\203\116\016\123\357\131\015\163\260\213\364\146\016}{}% 27
\BOOKMARK [1][-]{section*.5}{\376\377\201\364\214\042}{}% 28
